Added Component: Designator=Batery(TECO-282836-2_V)
Add component (AddParameter): Name = "3D Model"; Value = "282836-2.pdf"; VariantName = "[No Variations]"
Add component (AddParameter): Name = "Category"; Value = "Connectors,Interconnects"; VariantName = "[No Variations]"
Add component (AddParameter): Name = "Clamp Material - Plating"; Value = "Brass-NickelPlated"; VariantName = "[No Variations]"
Add component (AddParameter): Name = "Color"; Value = "Green"; VariantName = "[No Variations]"
Add component (AddParameter): Name = "Contact Material - Plating"; Value = "Brass-TinPlated"; VariantName = "[No Variations]"
Add component (AddParameter): Name = "Current"; Value = "13.5A"; VariantName = "[No Variations]"
Add component (AddParameter): Name = "Datasheet URL"; Value = "http://www.te.com.cn/commerce/DocumentDelivery/DDEController?Action=showdoc&DocId=Catalog+Section%7F1308389_EUROSTYLE_TERMINAL_BLOCKS%7F0607%7Fpdf%7FEnglish%7FENG_CS_1308389_EUROSTYLE_TERMINAL_BLOCKS_0607.pdf%7F282836-2"; VariantName = "[No Variations]"
Add component (AddParameter): Name = "Dynamic Catalog"; Value = "BuchananSeries"; VariantName = "[No Variations]"
Add component (AddParameter): Name = "Family"; Value = "TerminalBlocks-WiretoBoard"; VariantName = "[No Variations]"
Add component (AddParameter): Name = "Featured Product"; Value = "EurostyleTerminalBlockConnectors"; VariantName = "[No Variations]"
Add component (AddParameter): Name = "Features"; Value = "Interlocking(Side)"; VariantName = "[No Variations]"
Add component (AddParameter): Name = "Housing Material"; Value = "Polyamide(PA66),Nylon6/6"; VariantName = "[No Variations]"
Add component (AddParameter): Name = "Manufacturer"; Value = "TE Connectivity"; VariantName = "[No Variations]"
Add component (AddParameter): Name = "Manufacturer URL"; Value = "http://www.te.com"; VariantName = "[No Variations]"
Add component (AddParameter): Name = "Mating Orientation"; Value = "HorizontalwithBoard"; VariantName = "[No Variations]"
Add component (AddParameter): Name = "Mounting Type"; Value = "ThroughHole"; VariantName = "[No Variations]"
Add component (AddParameter): Name = "Number of Levels"; Value = "1"; VariantName = "[No Variations]"
Add component (AddParameter): Name = "Other Names"; Value = "5ULV-02B
A98076"; VariantName = "[No Variations]"
Add component (AddParameter): Name = "Package Description"; Value = "Female Header, Pitch 5 mm, 1 x 2 Position, Height 10 mm, Tail Length 3.5 mm"; VariantName = "[No Variations]"
Add component (AddParameter): Name = "Package Reference"; Value = "THD"; VariantName = "[No Variations]"
Add component (AddParameter): Name = "Packaging"; Value = "Bulk"; VariantName = "[No Variations]"
Add component (AddParameter): Name = "Pitch"; Value = "0.197"(5.00mm)"; VariantName = "[No Variations]"
Add component (AddParameter): Name = "Positions Per Level"; Value = "2"; VariantName = "[No Variations]"
Add component (AddParameter): Name = "Product Training Modules"; Value = "Wire-to-BoardEurostyleTerminalBlocks"; VariantName = "[No Variations]"
Add component (AddParameter): Name = "RoHS Information"; Value = "282836-2StatementofCompliance"; VariantName = "[No Variations]"
Add component (AddParameter): Name = "Screw Material - Plating"; Value = "Brass-NickelPlated"; VariantName = "[No Variations]"
Add component (AddParameter): Name = "Screw Thread"; Value = "M3"; VariantName = "[No Variations]"
Add component (AddParameter): Name = "Series"; Value = "Buchanan"; VariantName = "[No Variations]"
Add component (AddParameter): Name = "Standard Package"; Value = "300"; VariantName = "[No Variations]"
Add component (AddParameter): Name = "Torque - Screw"; Value = "0.68Nm(6Lb-In)"; VariantName = "[No Variations]"
Add component (AddParameter): Name = "Voltage"; Value = "300V"; VariantName = "[No Variations]"
Add component (AddParameter): Name = "Wire Gauge"; Value = "16-30AWG"; VariantName = "[No Variations]"
Add component (AddParameter): Name = "Wire Termination"; Value = "Screw-RisingCageClamp"; VariantName = "[No Variations]"
Added Component: Designator=MC(HDR1X4H)
Add component (AddParameter): Name = "LatestRevisionDate"; Value = "17-Jul-2002"; VariantName = "[No Variations]"
Add component (AddParameter): Name = "LatestRevisionNote"; Value = "Re-released for DXP Platform."; VariantName = "[No Variations]"
Add component (AddParameter): Name = "Publisher"; Value = "Altium Limited"; VariantName = "[No Variations]"
Added Component: Designator=Motor(TECO-282836-2_V)
Add component (AddParameter): Name = "3D Model"; Value = "282836-2.pdf"; VariantName = "[No Variations]"
Add component (AddParameter): Name = "Category"; Value = "Connectors,Interconnects"; VariantName = "[No Variations]"
Add component (AddParameter): Name = "Clamp Material - Plating"; Value = "Brass-NickelPlated"; VariantName = "[No Variations]"
Add component (AddParameter): Name = "Color"; Value = "Green"; VariantName = "[No Variations]"
Add component (AddParameter): Name = "Contact Material - Plating"; Value = "Brass-TinPlated"; VariantName = "[No Variations]"
Add component (AddParameter): Name = "Current"; Value = "13.5A"; VariantName = "[No Variations]"
Add component (AddParameter): Name = "Datasheet URL"; Value = "http://www.te.com.cn/commerce/DocumentDelivery/DDEController?Action=showdoc&DocId=Catalog+Section%7F1308389_EUROSTYLE_TERMINAL_BLOCKS%7F0607%7Fpdf%7FEnglish%7FENG_CS_1308389_EUROSTYLE_TERMINAL_BLOCKS_0607.pdf%7F282836-2"; VariantName = "[No Variations]"
Add component (AddParameter): Name = "Dynamic Catalog"; Value = "BuchananSeries"; VariantName = "[No Variations]"
Add component (AddParameter): Name = "Family"; Value = "TerminalBlocks-WiretoBoard"; VariantName = "[No Variations]"
Add component (AddParameter): Name = "Featured Product"; Value = "EurostyleTerminalBlockConnectors"; VariantName = "[No Variations]"
Add component (AddParameter): Name = "Features"; Value = "Interlocking(Side)"; VariantName = "[No Variations]"
Add component (AddParameter): Name = "Housing Material"; Value = "Polyamide(PA66),Nylon6/6"; VariantName = "[No Variations]"
Add component (AddParameter): Name = "Manufacturer"; Value = "TE Connectivity"; VariantName = "[No Variations]"
Add component (AddParameter): Name = "Manufacturer URL"; Value = "http://www.te.com"; VariantName = "[No Variations]"
Add component (AddParameter): Name = "Mating Orientation"; Value = "HorizontalwithBoard"; VariantName = "[No Variations]"
Add component (AddParameter): Name = "Mounting Type"; Value = "ThroughHole"; VariantName = "[No Variations]"
Add component (AddParameter): Name = "Number of Levels"; Value = "1"; VariantName = "[No Variations]"
Add component (AddParameter): Name = "Other Names"; Value = "5ULV-02B
A98076"; VariantName = "[No Variations]"
Add component (AddParameter): Name = "Package Description"; Value = "Female Header, Pitch 5 mm, 1 x 2 Position, Height 10 mm, Tail Length 3.5 mm"; VariantName = "[No Variations]"
Add component (AddParameter): Name = "Package Reference"; Value = "THD"; VariantName = "[No Variations]"
Add component (AddParameter): Name = "Packaging"; Value = "Bulk"; VariantName = "[No Variations]"
Add component (AddParameter): Name = "Pitch"; Value = "0.197"(5.00mm)"; VariantName = "[No Variations]"
Add component (AddParameter): Name = "Positions Per Level"; Value = "2"; VariantName = "[No Variations]"
Add component (AddParameter): Name = "Product Training Modules"; Value = "Wire-to-BoardEurostyleTerminalBlocks"; VariantName = "[No Variations]"
Add component (AddParameter): Name = "RoHS Information"; Value = "282836-2StatementofCompliance"; VariantName = "[No Variations]"
Add component (AddParameter): Name = "Screw Material - Plating"; Value = "Brass-NickelPlated"; VariantName = "[No Variations]"
Add component (AddParameter): Name = "Screw Thread"; Value = "M3"; VariantName = "[No Variations]"
Add component (AddParameter): Name = "Series"; Value = "Buchanan"; VariantName = "[No Variations]"
Add component (AddParameter): Name = "Standard Package"; Value = "300"; VariantName = "[No Variations]"
Add component (AddParameter): Name = "Torque - Screw"; Value = "0.68Nm(6Lb-In)"; VariantName = "[No Variations]"
Add component (AddParameter): Name = "Voltage"; Value = "300V"; VariantName = "[No Variations]"
Add component (AddParameter): Name = "Wire Gauge"; Value = "16-30AWG"; VariantName = "[No Variations]"
Add component (AddParameter): Name = "Wire Termination"; Value = "Screw-RisingCageClamp"; VariantName = "[No Variations]"
Added Component: Designator=Q1(SOT23)
Add component (AddParameter): Name = "Availability"; Value = "Good"; VariantName = "[No Variations]"
Add component (AddParameter): Name = "Check_prices"; Value = "https://www.snapeda.com/parts/AO3401A/Alpha%20&%20Omega%20Semiconductor%20Inc./view-part/227978/?ref=eda"; VariantName = "[No Variations]"
Add component (AddParameter): Name = "MF"; Value = "Alpha &"; VariantName = "[No Variations]"
Add component (AddParameter): Name = "MP"; Value = "AO3401A"; VariantName = "[No Variations]"
Add component (AddParameter): Name = "Package"; Value = "SOT-23 Alpha &amp; Omega Semiconductor"; VariantName = "[No Variations]"
Add component (AddParameter): Name = "Price"; Value = "None"; VariantName = "[No Variations]"
Add component (AddParameter): Name = "Purchase-URL"; Value = "https://pricing.snapeda.com/search/part/AO3401A/?ref=eda"; VariantName = "[No Variations]"
Add component (AddParameter): Name = "SnapEDA_Link"; Value = "https://www.snapeda.com/parts/AO3401A/Alpha%20&%20Omega%20Semiconductor%20Inc./view-part/227978/?ref=snap"; VariantName = "[No Variations]"
Add component (AddParameter): Name = "Value"; Value = ""; VariantName = "[No Variations]"
Added Component: Designator=Q2(SOT23)
Add component (AddParameter): Name = "Availability"; Value = "Good"; VariantName = "[No Variations]"
Add component (AddParameter): Name = "Check_prices"; Value = "https://www.snapeda.com/parts/AO3401A/Alpha%20&%20Omega%20Semiconductor%20Inc./view-part/227978/?ref=eda"; VariantName = "[No Variations]"
Add component (AddParameter): Name = "MF"; Value = "Alpha &"; VariantName = "[No Variations]"
Add component (AddParameter): Name = "MP"; Value = "AO3401A"; VariantName = "[No Variations]"
Add component (AddParameter): Name = "Package"; Value = "SOT-23 Alpha &amp; Omega Semiconductor"; VariantName = "[No Variations]"
Add component (AddParameter): Name = "Price"; Value = "None"; VariantName = "[No Variations]"
Add component (AddParameter): Name = "Purchase-URL"; Value = "https://pricing.snapeda.com/search/part/AO3401A/?ref=eda"; VariantName = "[No Variations]"
Add component (AddParameter): Name = "SnapEDA_Link"; Value = "https://www.snapeda.com/parts/AO3401A/Alpha%20&%20Omega%20Semiconductor%20Inc./view-part/227978/?ref=snap"; VariantName = "[No Variations]"
Add component (AddParameter): Name = "Value"; Value = ""; VariantName = "[No Variations]"
Add Component: Footprint Not Found SOT23
Add Component: Footprint Not Found SOT23
Added Pin To Net: NetName=GND Pin=Batery-2
Added Net: Name=GND
Added Pin To Net: NetName=NetBatery_1 Pin=Batery-1
Added Pin To Net: NetName=NetBatery_1 Pin=Q1-2
Added Pin To Net: NetName=NetBatery_1 Pin=Q2-2
Added Net: Name=NetBatery_1
Added Pin To Net: NetName=NetMC_1 Pin=MC-1
Added Net: Name=NetMC_1
Added Pin To Net: NetName=NetMC_2 Pin=MC-2
Added Net: Name=NetMC_2
Added Pin To Net: NetName=NetMC_3 Pin=MC-3
Added Net: Name=NetMC_3
Added Pin To Net: NetName=NetMC_4 Pin=MC-4
Added Net: Name=NetMC_4
Added Pin To Net: NetName=NetMotor_1 Pin=Motor-1
Added Pin To Net: NetName=NetMotor_1 Pin=Q1-3
Added Net: Name=NetMotor_1
Added Pin To Net: NetName=NetMotor_2 Pin=Motor-2
Added Pin To Net: NetName=NetMotor_2 Pin=Q2-3
Added Net: Name=NetMotor_2
Added Pin To Net: NetName=NetQ1_1 Pin=Q1-1
Added Net: Name=NetQ1_1
Added Pin To Net: NetName=NetQ2_1 Pin=Q2-1
Added Net: Name=NetQ2_1
Added Net: Name=NetQ3_1
Added Net: Name=NetQ4_1
Added Class: Name=h bridge
Added Rule: Name=Schematic Supply Nets
